{
  "stats": {
    "suites": 1,
    "tests": 1,
    "passes": 0,
    "pending": 0,
    "failures": 1,
    "start": "2026-01-20T07:17:48.674Z",
    "end": "2026-01-20T07:18:19.306Z",
    "duration": 30632,
    "testsRegistered": 1,
    "passPercent": 0,
    "pendingPercent": 0,
    "other": 0,
    "hasOther": false,
    "skipped": 0,
    "hasSkipped": false
  },
  "results": [
    {
      "uuid": "5bba75ad-5d0e-4688-89d2-d0809c449ac5",
      "title": "",
      "fullFile": "cypress/e2e/exCMS/APITesting/HTTPRequets.cy.js",
      "file": "cypress/e2e/exCMS/APITesting/HTTPRequets.cy.js",
      "beforeHooks": [],
      "afterHooks": [],
      "tests": [],
      "suites": [
        {
          "uuid": "500123b6-6d42-4a46-a72c-f075c4d6b898",
          "title": "HTTP Requests",
          "fullFile": "",
          "file": "",
          "beforeHooks": [],
          "afterHooks": [],
          "tests": [
            {
              "title": "Get call",
              "fullTitle": "HTTP Requests Get call",
              "timedOut": null,
              "duration": 30565,
              "state": "failed",
              "speed": null,
              "pass": false,
              "fail": true,
              "pending": false,
              "context": null,
              "code": "cy.request('GET', 'https://jsonplaceholder.typicode.com/posts/1').its('status').should('equal', 200);",
              "err": {
                "message": "CypressError: `cy.request()` timed out waiting `30000ms` for a response from your server.\n\nThe request we sent was:\n\nMethod: GET\nURL: https://jsonplaceholder.typicode.com/posts/1\n\nNo response was received within the timeout.\n\nhttps://on.cypress.io/request",
                "estack": "CypressError: `cy.request()` timed out waiting `30000ms` for a response from your server.\n\nThe request we sent was:\n\nMethod: GET\nURL: https://jsonplaceholder.typicode.com/posts/1\n\nNo response was received within the timeout.\n\nhttps://on.cypress.io/request\n    at <unknown> (http://localhost:62815/__cypress/runner/cypress_runner.js:135014:70)\n    at tryCatcher (http://localhost:62815/__cypress/runner/cypress_runner.js:1777:23)\n    at <unknown> (http://localhost:62815/__cypress/runner/cypress_runner.js:4156:41)\n    at tryCatcher (http://localhost:62815/__cypress/runner/cypress_runner.js:1777:23)\n    at Promise._settlePromiseFromHandler (http://localhost:62815/__cypress/runner/cypress_runner.js:1489:31)\n    at Promise._settlePromise (http://localhost:62815/__cypress/runner/cypress_runner.js:1546:18)\n    at Promise._settlePromise0 (http://localhost:62815/__cypress/runner/cypress_runner.js:1591:10)\n    at Promise._settlePromises (http://localhost:62815/__cypress/runner/cypress_runner.js:1667:18)\n    at _drainQueueStep (http://localhost:62815/__cypress/runner/cypress_runner.js:2377:12)\n    at _drainQueue (http://localhost:62815/__cypress/runner/cypress_runner.js:2370:9)\n    at Async._drainQueues (http://localhost:62815/__cypress/runner/cypress_runner.js:2386:5)\n    at Async.drainQueues (http://localhost:62815/__cypress/runner/cypress_runner.js:2256:14)\nFrom Your Spec Code:\n    at Context.eval (webpack://cypressautomation/./cypress/e2e/exCMS/APITesting/HTTPRequets.cy.js:5:11)",
                "diff": null
              },
              "uuid": "73973dab-f458-4e58-8b59-a645055aad83",
              "parentUUID": "500123b6-6d42-4a46-a72c-f075c4d6b898",
              "isHook": false,
              "skipped": false
            }
          ],
          "suites": [],
          "passes": [],
          "failures": [
            "73973dab-f458-4e58-8b59-a645055aad83"
          ],
          "pending": [],
          "skipped": [],
          "duration": 30565,
          "root": false,
          "rootEmpty": false,
          "_timeout": 2000
        }
      ],
      "passes": [],
      "failures": [],
      "pending": [],
      "skipped": [],
      "duration": 0,
      "root": true,
      "rootEmpty": true,
      "_timeout": 2000
    }
  ],
  "meta": {
    "mocha": {
      "version": "7.2.0"
    },
    "mochawesome": {
      "options": {
        "quiet": false,
        "reportFilename": "mochawesome",
        "saveHtml": false,
        "saveJson": true,
        "consoleReporter": "spec",
        "useInlineDiffs": false,
        "code": true
      },
      "version": "7.1.3"
    },
    "marge": {
      "options": {
        "reportDir": "cypress/reports",
        "overwrite": false,
        "html": false,
        "json": true
      },
      "version": "6.2.0"
    }
  }
}