{
  "stats": {
    "suites": 1,
    "tests": 3,
    "passes": 2,
    "pending": 0,
    "failures": 1,
    "start": "2026-01-20T07:59:35.707Z",
    "end": "2026-01-20T07:59:37.186Z",
    "duration": 1479,
    "testsRegistered": 3,
    "passPercent": 66.66666666666666,
    "pendingPercent": 0,
    "other": 0,
    "hasOther": false,
    "skipped": 0,
    "hasSkipped": false
  },
  "results": [
    {
      "uuid": "0a82bd71-dfef-471e-85be-bdca208279d9",
      "title": "",
      "fullFile": "cypress/e2e/exCMS/APITesting/HTTPRequets.cy.js",
      "file": "cypress/e2e/exCMS/APITesting/HTTPRequets.cy.js",
      "beforeHooks": [],
      "afterHooks": [],
      "tests": [],
      "suites": [
        {
          "uuid": "63a3a8c1-2205-4f93-89d6-bf6f2bd8f053",
          "title": "HTTP Requests",
          "fullFile": "",
          "file": "",
          "beforeHooks": [],
          "afterHooks": [],
          "tests": [
            {
              "title": "Get Call",
              "fullTitle": "HTTP Requests Get Call",
              "timedOut": null,
              "duration": 671,
              "state": "passed",
              "speed": "fast",
              "pass": true,
              "fail": false,
              "pending": false,
              "context": null,
              "code": "cy.request('GET', 'https://jsonplaceholder.typicode.com/posts/1').its('status').should('equal', 200);",
              "err": {},
              "uuid": "de1aea33-e47e-44e0-99bb-db7d3b5cb5b9",
              "parentUUID": "63a3a8c1-2205-4f93-89d6-bf6f2bd8f053",
              "isHook": false,
              "skipped": false
            },
            {
              "title": "Get call",
              "fullTitle": "HTTP Requests Get call",
              "timedOut": null,
              "duration": 161,
              "state": "passed",
              "speed": "fast",
              "pass": true,
              "fail": false,
              "pending": false,
              "context": null,
              "code": "cy.request('GET', 'https://jsonplaceholder.typicode.com/posts/1').then(response => {\n  expect(response.status).to.eq(200);\n  cy.log(JSON.stringify(response.body));\n  console.log(response.body);\n});",
              "err": {},
              "uuid": "1cba1d12-99df-41ca-acc1-18ea757ca9a7",
              "parentUUID": "63a3a8c1-2205-4f93-89d6-bf6f2bd8f053",
              "isHook": false,
              "skipped": false
            },
            {
              "title": "POST Call",
              "fullTitle": "HTTP Requests POST Call",
              "timedOut": null,
              "duration": 544,
              "state": "failed",
              "speed": null,
              "pass": false,
              "fail": true,
              "pending": false,
              "context": null,
              "code": "cy.request({\n  method: 'POST',\n  URL: \"https://jsonplaceholder.typicode.com/posts/\",\n  body: {\n    title: \"qui est esse\",\n    body: \"This is Post request testing\",\n    userId: 1\n  }\n}).its('status').should('equal', 201);",
              "err": {
                "message": "CypressError: `cy.request()` requires a `url`. You did not provide a `url`.\n\nhttps://on.cypress.io/request",
                "estack": "CypressError: `cy.request()` requires a `url`. You did not provide a `url`.\n\nhttps://on.cypress.io/request\n    at Context.request (http://localhost:63501/__cypress/runner/cypress_runner.js:134769:70)\n    at wrapped (http://localhost:63501/__cypress/runner/cypress_runner.js:140165:43)\nFrom Your Spec Code:\n    at Context.eval (webpack://cypressautomation/./cypress/e2e/exCMS/APITesting/HTTPRequets.cy.js:20:11)",
                "diff": null
              },
              "uuid": "826cb52f-06db-45dc-9490-5027bdb5db4b",
              "parentUUID": "63a3a8c1-2205-4f93-89d6-bf6f2bd8f053",
              "isHook": false,
              "skipped": false
            }
          ],
          "suites": [],
          "passes": [
            "de1aea33-e47e-44e0-99bb-db7d3b5cb5b9",
            "1cba1d12-99df-41ca-acc1-18ea757ca9a7"
          ],
          "failures": [
            "826cb52f-06db-45dc-9490-5027bdb5db4b"
          ],
          "pending": [],
          "skipped": [],
          "duration": 1376,
          "root": false,
          "rootEmpty": false,
          "_timeout": 2000
        }
      ],
      "passes": [],
      "failures": [],
      "pending": [],
      "skipped": [],
      "duration": 0,
      "root": true,
      "rootEmpty": true,
      "_timeout": 2000
    }
  ],
  "meta": {
    "mocha": {
      "version": "7.2.0"
    },
    "mochawesome": {
      "options": {
        "quiet": false,
        "reportFilename": "mochawesome",
        "saveHtml": false,
        "saveJson": true,
        "consoleReporter": "spec",
        "useInlineDiffs": false,
        "code": true
      },
      "version": "7.1.3"
    },
    "marge": {
      "options": {
        "reportDir": "cypress/reports",
        "overwrite": false,
        "html": false,
        "json": true
      },
      "version": "6.2.0"
    }
  }
}