{
  "stats": {
    "suites": 1,
    "tests": 7,
    "passes": 7,
    "pending": 0,
    "failures": 0,
    "start": "2026-01-29T08:11:13.180Z",
    "end": "2026-01-29T08:11:16.498Z",
    "duration": 3318,
    "testsRegistered": 7,
    "passPercent": 100,
    "pendingPercent": 0,
    "other": 0,
    "hasOther": false,
    "skipped": 0,
    "hasSkipped": false
  },
  "results": [
    {
      "uuid": "8090f3e5-7045-4f05-bc14-f18902f25cb8",
      "title": "",
      "fullFile": "cypress/e2e/exCMS/APITesting/HTTPRequets.cy.js",
      "file": "cypress/e2e/exCMS/APITesting/HTTPRequets.cy.js",
      "beforeHooks": [],
      "afterHooks": [],
      "tests": [],
      "suites": [
        {
          "uuid": "0470cfc6-b95e-4ef1-8870-e3151f3b0aeb",
          "title": "HTTP Requests",
          "fullFile": "",
          "file": "",
          "beforeHooks": [],
          "afterHooks": [],
          "tests": [
            {
              "title": "Get Call",
              "fullTitle": "HTTP Requests Get Call",
              "timedOut": null,
              "duration": 574,
              "state": "passed",
              "speed": "fast",
              "pass": true,
              "fail": false,
              "pending": false,
              "context": null,
              "code": "cy.request('GET', 'https://jsonplaceholder.typicode.com/posts/1').its('status').should('equal', 200);",
              "err": {},
              "uuid": "10f5a06f-e239-4aeb-9649-9be5013a288d",
              "parentUUID": "0470cfc6-b95e-4ef1-8870-e3151f3b0aeb",
              "isHook": false,
              "skipped": false
            },
            {
              "title": "Get call",
              "fullTitle": "HTTP Requests Get call",
              "timedOut": null,
              "duration": 241,
              "state": "passed",
              "speed": "fast",
              "pass": true,
              "fail": false,
              "pending": false,
              "context": null,
              "code": "cy.request('GET', 'https://jsonplaceholder.typicode.com/posts/1').then(response => {\n  // Status code\n  expect(response.status).to.eq(200);\n  cy.log(JSON.stringify(response.body));\n  console.log(response.body);\n});",
              "err": {},
              "uuid": "a0e89b9c-32df-4b0e-8705-9e2051eaa88e",
              "parentUUID": "0470cfc6-b95e-4ef1-8870-e3151f3b0aeb",
              "isHook": false,
              "skipped": false
            },
            {
              "title": "POST Call",
              "fullTitle": "HTTP Requests POST Call",
              "timedOut": null,
              "duration": 394,
              "state": "passed",
              "speed": "fast",
              "pass": true,
              "fail": false,
              "pending": false,
              "context": null,
              "code": "cy.request({\n  method: 'POST',\n  url: \"https://jsonplaceholder.typicode.com/posts/\",\n  body: {\n    title: \"qui est esse\",\n    body: \"This is Post request testing\",\n    userId: 1\n  }\n}).its('status').should('equal', 201);",
              "err": {},
              "uuid": "bca9f7fb-af40-416e-83ca-9de6c074100a",
              "parentUUID": "0470cfc6-b95e-4ef1-8870-e3151f3b0aeb",
              "isHook": false,
              "skipped": false
            },
            {
              "title": "POST Call",
              "fullTitle": "HTTP Requests POST Call",
              "timedOut": null,
              "duration": 398,
              "state": "passed",
              "speed": "fast",
              "pass": true,
              "fail": false,
              "pending": false,
              "context": null,
              "code": "cy.request({\n  method: 'POST',\n  url: \"https://jsonplaceholder.typicode.com/posts/\",\n  body: {\n    title: \"qui est esse\",\n    body: \"This is Post request testing\",\n    userId: 1\n  }\n}).then(response => {\n  //status code\n  expect(response.status).to.eq(201);\n  cy.log(JSON.stringify(response.body));\n  console.log(response.body);\n  // Header validation\n  expect(response.headers['content-type']).to.include('application/json');\n  // Response body structure\n  expect(response.body).to.have.all.keys('id', 'title', 'body', 'userId');\n  // Response body assertions\n  expect(response.body.title).to.eq(\"qui est esse\");\n  expect(response.body.userId).to.eq(1);\n  expect(response.status).to.eq(201);\n  expect(response.body).to.have.all.keys('id', 'title', 'body', 'userId');\n  // Extracting and Validating Dynamic Values\n  expect(response.body.id).to.be.a('number');\n});",
              "err": {},
              "uuid": "6acb28b3-dc00-43eb-9e35-351feacdbff2",
              "parentUUID": "0470cfc6-b95e-4ef1-8870-e3151f3b0aeb",
              "isHook": false,
              "skipped": false
            },
            {
              "title": "POST Call - Invalid Payload",
              "fullTitle": "HTTP Requests POST Call - Invalid Payload",
              "timedOut": null,
              "duration": 510,
              "state": "passed",
              "speed": "fast",
              "pass": true,
              "fail": false,
              "pending": false,
              "context": null,
              "code": "cy.request({\n  method: 'POST',\n  url: 'https://jsonplaceholder.typicode.com/posts',\n  failOnStatusCode: false,\n  // IMPORTANT\n  body: {\n    userId: \"invalid\" // missing title & body\n  }\n}).then(response => {\n  // jsonplaceholder is mock, so it may still return 201\n  // In real APIs, this would be 400\n  expect(response.status).to.be.oneOf([400, 201]);\n});",
              "err": {},
              "uuid": "7f9be2ec-30e1-41c0-a1fb-cd18018dd5c0",
              "parentUUID": "0470cfc6-b95e-4ef1-8870-e3151f3b0aeb",
              "isHook": false,
              "skipped": false
            },
            {
              "title": "POST Call - Missing Content-Type Header",
              "fullTitle": "HTTP Requests POST Call - Missing Content-Type Header",
              "timedOut": null,
              "duration": 765,
              "state": "passed",
              "speed": "fast",
              "pass": true,
              "fail": false,
              "pending": false,
              "context": null,
              "code": "cy.request({\n  method: 'POST',\n  url: 'https://jsonplaceholder.typicode.com/posts',\n  headers: {\n    // intentionally missing content-type\n  },\n  body: {\n    title: \"Test\",\n    body: \"Missing headers\",\n    userId: 1\n  },\n  failOnStatusCode: false\n}).then(response => {\n  // Real API usually returns 415 or 400\n  expect(response.status).to.be.oneOf([400, 415, 201]);\n});",
              "err": {},
              "uuid": "9c11d67a-5c35-47bd-bf6f-c1579317b43b",
              "parentUUID": "0470cfc6-b95e-4ef1-8870-e3151f3b0aeb",
              "isHook": false,
              "skipped": false
            },
            {
              "title": "GET Call - Resource Not Found (404)",
              "fullTitle": "HTTP Requests GET Call - Resource Not Found (404)",
              "timedOut": null,
              "duration": 248,
              "state": "passed",
              "speed": "fast",
              "pass": true,
              "fail": false,
              "pending": false,
              "context": null,
              "code": "cy.request({\n  method: 'GET',\n  url: 'https://jsonplaceholder.typicode.com/posts/999999',\n  failOnStatusCode: false\n}).then(response => {\n  // Status code assertion\n  expect(response.status).to.eq(404);\n  // Response body validation\n  expect(response.body).to.be.empty;\n});",
              "err": {},
              "uuid": "ab3f51af-0488-4983-95f4-19007447f647",
              "parentUUID": "0470cfc6-b95e-4ef1-8870-e3151f3b0aeb",
              "isHook": false,
              "skipped": false
            }
          ],
          "suites": [],
          "passes": [
            "10f5a06f-e239-4aeb-9649-9be5013a288d",
            "a0e89b9c-32df-4b0e-8705-9e2051eaa88e",
            "bca9f7fb-af40-416e-83ca-9de6c074100a",
            "6acb28b3-dc00-43eb-9e35-351feacdbff2",
            "7f9be2ec-30e1-41c0-a1fb-cd18018dd5c0",
            "9c11d67a-5c35-47bd-bf6f-c1579317b43b",
            "ab3f51af-0488-4983-95f4-19007447f647"
          ],
          "failures": [],
          "pending": [],
          "skipped": [],
          "duration": 3130,
          "root": false,
          "rootEmpty": false,
          "_timeout": 2000
        }
      ],
      "passes": [],
      "failures": [],
      "pending": [],
      "skipped": [],
      "duration": 0,
      "root": true,
      "rootEmpty": true,
      "_timeout": 2000
    }
  ],
  "meta": {
    "mocha": {
      "version": "7.2.0"
    },
    "mochawesome": {
      "options": {
        "quiet": false,
        "reportFilename": "mochawesome",
        "saveHtml": false,
        "saveJson": true,
        "consoleReporter": "spec",
        "useInlineDiffs": false,
        "code": true
      },
      "version": "7.1.3"
    },
    "marge": {
      "options": {
        "reportDir": "cypress/reports",
        "overwrite": false,
        "html": false,
        "json": true
      },
      "version": "6.2.0"
    }
  }
}