{
  "stats": {
    "suites": 1,
    "tests": 1,
    "passes": 0,
    "pending": 0,
    "failures": 1,
    "start": "2026-01-20T07:26:26.945Z",
    "end": "2026-01-20T07:26:27.543Z",
    "duration": 598,
    "testsRegistered": 1,
    "passPercent": 0,
    "pendingPercent": 0,
    "other": 0,
    "hasOther": false,
    "skipped": 0,
    "hasSkipped": false
  },
  "results": [
    {
      "uuid": "2b3c1f0d-38ed-464b-9d62-25582c5bbdcd",
      "title": "",
      "fullFile": "cypress/e2e/exCMS/APITesting/HTTPRequets.cy.js",
      "file": "cypress/e2e/exCMS/APITesting/HTTPRequets.cy.js",
      "beforeHooks": [],
      "afterHooks": [],
      "tests": [],
      "suites": [
        {
          "uuid": "ff0befa5-1a47-40c2-a31d-8d4aaa3754b2",
          "title": "HTTP Requests",
          "fullFile": "",
          "file": "",
          "beforeHooks": [],
          "afterHooks": [],
          "tests": [
            {
              "title": "Get call",
              "fullTitle": "HTTP Requests Get call",
              "timedOut": null,
              "duration": 494,
              "state": "failed",
              "speed": null,
              "pass": false,
              "fail": true,
              "pending": false,
              "context": null,
              "code": "cy.request('GET', 'https://jsonplaceholder.typicode.com/posts/1').its('status').should('equal', 200);\ncy.log(JSON.stringify(response.body));\nconsole.log(response.body);",
              "err": {
                "message": "ReferenceError: response is not defined",
                "estack": "ReferenceError: response is not defined\n    at Context.eval (webpack://cypressautomation/./cypress/e2e/exCMS/APITesting/HTTPRequets.cy.js:8:31)\n    at runnable.fn (http://localhost:63002/__cypress/runner/cypress_runner.js:140440:19)\n    at callFn (http://localhost:63002/__cypress/runner/cypress_runner.js:159518:21)\n    at Runnable.run (http://localhost:63002/__cypress/runner/cypress_runner.js:159505:7)\n    at <unknown> (http://localhost:63002/__cypress/runner/cypress_runner.js:165577:30)\n    at PassThroughHandlerContext.finallyHandler (http://localhost:63002/__cypress/runner/cypress_runner.js:4042:23)\n    at PassThroughHandlerContext.tryCatcher (http://localhost:63002/__cypress/runner/cypress_runner.js:1777:23)\n    at Promise._settlePromiseFromHandler (http://localhost:63002/__cypress/runner/cypress_runner.js:1489:31)\n    at Promise._settlePromise (http://localhost:63002/__cypress/runner/cypress_runner.js:1546:18)",
                "diff": null
              },
              "uuid": "aff302da-45c7-4cba-8645-e401af1aa419",
              "parentUUID": "ff0befa5-1a47-40c2-a31d-8d4aaa3754b2",
              "isHook": false,
              "skipped": false
            }
          ],
          "suites": [],
          "passes": [],
          "failures": [
            "aff302da-45c7-4cba-8645-e401af1aa419"
          ],
          "pending": [],
          "skipped": [],
          "duration": 494,
          "root": false,
          "rootEmpty": false,
          "_timeout": 2000
        }
      ],
      "passes": [],
      "failures": [],
      "pending": [],
      "skipped": [],
      "duration": 0,
      "root": true,
      "rootEmpty": true,
      "_timeout": 2000
    }
  ],
  "meta": {
    "mocha": {
      "version": "7.2.0"
    },
    "mochawesome": {
      "options": {
        "quiet": false,
        "reportFilename": "mochawesome",
        "saveHtml": false,
        "saveJson": true,
        "consoleReporter": "spec",
        "useInlineDiffs": false,
        "code": true
      },
      "version": "7.1.3"
    },
    "marge": {
      "options": {
        "reportDir": "cypress/reports",
        "overwrite": false,
        "html": false,
        "json": true
      },
      "version": "6.2.0"
    }
  }
}