{
  "stats": {
    "suites": 1,
    "tests": 3,
    "passes": 2,
    "pending": 0,
    "failures": 1,
    "start": "2026-01-20T07:57:41.796Z",
    "end": "2026-01-20T07:57:44.738Z",
    "duration": 2942,
    "testsRegistered": 3,
    "passPercent": 66.66666666666666,
    "pendingPercent": 0,
    "other": 0,
    "hasOther": false,
    "skipped": 0,
    "hasSkipped": false
  },
  "results": [
    {
      "uuid": "f446bf7c-59e2-45df-b550-143940a1edb9",
      "title": "",
      "fullFile": "cypress/e2e/exCMS/APITesting/HTTPRequets.cy.js",
      "file": "cypress/e2e/exCMS/APITesting/HTTPRequets.cy.js",
      "beforeHooks": [],
      "afterHooks": [],
      "tests": [],
      "suites": [
        {
          "uuid": "6b27ff16-86d2-4580-b892-035e8634e33c",
          "title": "HTTP Requests",
          "fullFile": "",
          "file": "",
          "beforeHooks": [],
          "afterHooks": [],
          "tests": [
            {
              "title": "Get Call",
              "fullTitle": "HTTP Requests Get Call",
              "timedOut": null,
              "duration": 2018,
              "state": "passed",
              "speed": "fast",
              "pass": true,
              "fail": false,
              "pending": false,
              "context": null,
              "code": "cy.request('GET', 'https://jsonplaceholder.typicode.com/posts/1').its('status').should('equal', 200);",
              "err": {},
              "uuid": "9a6ff091-744c-4913-96ac-724cf526249d",
              "parentUUID": "6b27ff16-86d2-4580-b892-035e8634e33c",
              "isHook": false,
              "skipped": false
            },
            {
              "title": "Get call",
              "fullTitle": "HTTP Requests Get call",
              "timedOut": null,
              "duration": 291,
              "state": "passed",
              "speed": "fast",
              "pass": true,
              "fail": false,
              "pending": false,
              "context": null,
              "code": "cy.request('GET', 'https://jsonplaceholder.typicode.com/posts/1').then(response => {\n  expect(response.status).to.eq(200);\n  cy.log(JSON.stringify(response.body));\n  console.log(response.body);\n});",
              "err": {},
              "uuid": "c29aae28-60bd-48ae-965b-2e8d7794e128",
              "parentUUID": "6b27ff16-86d2-4580-b892-035e8634e33c",
              "isHook": false,
              "skipped": false
            },
            {
              "title": "POST Call",
              "fullTitle": "HTTP Requests POST Call",
              "timedOut": null,
              "duration": 536,
              "state": "failed",
              "speed": null,
              "pass": false,
              "fail": true,
              "pending": false,
              "context": null,
              "code": "cy.request({\n  method: 'POST',\n  URL: \"https://jsonplaceholder.typicode.com/posts/\",\n  body: {\n    title: \"qui est esse\",\n    body: \"This is Post request testing\",\n    userId: 1\n  }.its('status').should('equal', 201)\n});",
              "err": {
                "message": "TypeError: {(intermediate value)(intermediate value)(intermediate value)}.its is not a function",
                "estack": "TypeError: {(intermediate value)(intermediate value)(intermediate value)}.its is not a function\n    at Context.eval (webpack://cypressautomation/./cypress/e2e/exCMS/APITesting/HTTPRequets.cy.js:29:9)\n    at runnable.fn (http://localhost:63466/__cypress/runner/cypress_runner.js:140440:19)\n    at callFn (http://localhost:63466/__cypress/runner/cypress_runner.js:159518:21)\n    at Runnable.run (http://localhost:63466/__cypress/runner/cypress_runner.js:159505:7)\n    at <unknown> (http://localhost:63466/__cypress/runner/cypress_runner.js:165577:30)\n    at PassThroughHandlerContext.finallyHandler (http://localhost:63466/__cypress/runner/cypress_runner.js:4042:23)\n    at PassThroughHandlerContext.tryCatcher (http://localhost:63466/__cypress/runner/cypress_runner.js:1777:23)\n    at Promise._settlePromiseFromHandler (http://localhost:63466/__cypress/runner/cypress_runner.js:1489:31)\n    at Promise._settlePromise (http://localhost:63466/__cypress/runner/cypress_runner.js:1546:18)",
                "diff": null
              },
              "uuid": "3342e201-cbd7-460e-8a26-a6fd67299aad",
              "parentUUID": "6b27ff16-86d2-4580-b892-035e8634e33c",
              "isHook": false,
              "skipped": false
            }
          ],
          "suites": [],
          "passes": [
            "9a6ff091-744c-4913-96ac-724cf526249d",
            "c29aae28-60bd-48ae-965b-2e8d7794e128"
          ],
          "failures": [
            "3342e201-cbd7-460e-8a26-a6fd67299aad"
          ],
          "pending": [],
          "skipped": [],
          "duration": 2845,
          "root": false,
          "rootEmpty": false,
          "_timeout": 2000
        }
      ],
      "passes": [],
      "failures": [],
      "pending": [],
      "skipped": [],
      "duration": 0,
      "root": true,
      "rootEmpty": true,
      "_timeout": 2000
    }
  ],
  "meta": {
    "mocha": {
      "version": "7.2.0"
    },
    "mochawesome": {
      "options": {
        "quiet": false,
        "reportFilename": "mochawesome",
        "saveHtml": false,
        "saveJson": true,
        "consoleReporter": "spec",
        "useInlineDiffs": false,
        "code": true
      },
      "version": "7.1.3"
    },
    "marge": {
      "options": {
        "reportDir": "cypress/reports",
        "overwrite": false,
        "html": false,
        "json": true
      },
      "version": "6.2.0"
    }
  }
}