{
  "stats": {
    "suites": 1,
    "tests": 3,
    "passes": 3,
    "pending": 0,
    "failures": 0,
    "start": "2026-01-20T08:00:14.647Z",
    "end": "2026-01-20T08:00:15.893Z",
    "duration": 1246,
    "testsRegistered": 3,
    "passPercent": 100,
    "pendingPercent": 0,
    "other": 0,
    "hasOther": false,
    "skipped": 0,
    "hasSkipped": false
  },
  "results": [
    {
      "uuid": "05173708-163a-4d71-9fd4-1eb1c5b7f1fd",
      "title": "",
      "fullFile": "cypress/e2e/exCMS/APITesting/HTTPRequets.cy.js",
      "file": "cypress/e2e/exCMS/APITesting/HTTPRequets.cy.js",
      "beforeHooks": [],
      "afterHooks": [],
      "tests": [],
      "suites": [
        {
          "uuid": "ac10836b-fd68-4119-b3a1-5f4954460066",
          "title": "HTTP Requests",
          "fullFile": "",
          "file": "",
          "beforeHooks": [],
          "afterHooks": [],
          "tests": [
            {
              "title": "Get Call",
              "fullTitle": "HTTP Requests Get Call",
              "timedOut": null,
              "duration": 471,
              "state": "passed",
              "speed": "fast",
              "pass": true,
              "fail": false,
              "pending": false,
              "context": null,
              "code": "cy.request('GET', 'https://jsonplaceholder.typicode.com/posts/1').its('status').should('equal', 200);",
              "err": {},
              "uuid": "c611a432-4355-4ab6-b50f-c073108ce800",
              "parentUUID": "ac10836b-fd68-4119-b3a1-5f4954460066",
              "isHook": false,
              "skipped": false
            },
            {
              "title": "Get call",
              "fullTitle": "HTTP Requests Get call",
              "timedOut": null,
              "duration": 323,
              "state": "passed",
              "speed": "fast",
              "pass": true,
              "fail": false,
              "pending": false,
              "context": null,
              "code": "cy.request('GET', 'https://jsonplaceholder.typicode.com/posts/1').then(response => {\n  expect(response.status).to.eq(200);\n  cy.log(JSON.stringify(response.body));\n  console.log(response.body);\n});",
              "err": {},
              "uuid": "a8cba69f-c661-4d4f-b693-fcfe2ccacf59",
              "parentUUID": "ac10836b-fd68-4119-b3a1-5f4954460066",
              "isHook": false,
              "skipped": false
            },
            {
              "title": "POST Call",
              "fullTitle": "HTTP Requests POST Call",
              "timedOut": null,
              "duration": 358,
              "state": "passed",
              "speed": "fast",
              "pass": true,
              "fail": false,
              "pending": false,
              "context": null,
              "code": "cy.request({\n  method: 'POST',\n  url: \"https://jsonplaceholder.typicode.com/posts/\",\n  body: {\n    title: \"qui est esse\",\n    body: \"This is Post request testing\",\n    userId: 1\n  }\n}).its('status').should('equal', 201);",
              "err": {},
              "uuid": "2608040f-850d-4e24-9c13-c722e53a9778",
              "parentUUID": "ac10836b-fd68-4119-b3a1-5f4954460066",
              "isHook": false,
              "skipped": false
            }
          ],
          "suites": [],
          "passes": [
            "c611a432-4355-4ab6-b50f-c073108ce800",
            "a8cba69f-c661-4d4f-b693-fcfe2ccacf59",
            "2608040f-850d-4e24-9c13-c722e53a9778"
          ],
          "failures": [],
          "pending": [],
          "skipped": [],
          "duration": 1152,
          "root": false,
          "rootEmpty": false,
          "_timeout": 2000
        }
      ],
      "passes": [],
      "failures": [],
      "pending": [],
      "skipped": [],
      "duration": 0,
      "root": true,
      "rootEmpty": true,
      "_timeout": 2000
    }
  ],
  "meta": {
    "mocha": {
      "version": "7.2.0"
    },
    "mochawesome": {
      "options": {
        "quiet": false,
        "reportFilename": "mochawesome",
        "saveHtml": false,
        "saveJson": true,
        "consoleReporter": "spec",
        "useInlineDiffs": false,
        "code": true
      },
      "version": "7.1.3"
    },
    "marge": {
      "options": {
        "reportDir": "cypress/reports",
        "overwrite": false,
        "html": false,
        "json": true
      },
      "version": "6.2.0"
    }
  }
}