{
  "stats": {
    "suites": 1,
    "tests": 1,
    "passes": 0,
    "pending": 0,
    "failures": 1,
    "start": "2026-01-20T07:26:42.372Z",
    "end": "2026-01-20T07:26:44.738Z",
    "duration": 2366,
    "testsRegistered": 1,
    "passPercent": 0,
    "pendingPercent": 0,
    "other": 0,
    "hasOther": false,
    "skipped": 0,
    "hasSkipped": false
  },
  "results": [
    {
      "uuid": "4ccfab81-6f2e-47d8-9d7c-b79d750da0f2",
      "title": "",
      "fullFile": "cypress/e2e/exCMS/APITesting/HTTPRequets.cy.js",
      "file": "cypress/e2e/exCMS/APITesting/HTTPRequets.cy.js",
      "beforeHooks": [],
      "afterHooks": [],
      "tests": [],
      "suites": [
        {
          "uuid": "25acb9a3-e744-4360-9fc9-a38c2f658557",
          "title": "HTTP Requests",
          "fullFile": "",
          "file": "",
          "beforeHooks": [],
          "afterHooks": [],
          "tests": [
            {
              "title": "Get call",
              "fullTitle": "HTTP Requests Get call",
              "timedOut": null,
              "duration": 2063,
              "state": "failed",
              "speed": null,
              "pass": false,
              "fail": true,
              "pending": false,
              "context": null,
              "code": "cy.request('GET', 'https://jsonplaceholder.typicode.com/posts/1').its('status').should('equal', 200);\ncy.log(JSON.stringify(response.body));\nconsole.log(response.body);",
              "err": {
                "message": "ReferenceError: response is not defined",
                "estack": "ReferenceError: response is not defined\n    at Context.eval (webpack://cypressautomation/./cypress/e2e/exCMS/APITesting/HTTPRequets.cy.js:8:31)\n    at runnable.fn (http://localhost:63029/__cypress/runner/cypress_runner.js:140440:19)\n    at callFn (http://localhost:63029/__cypress/runner/cypress_runner.js:159518:21)\n    at Runnable.run (http://localhost:63029/__cypress/runner/cypress_runner.js:159505:7)\n    at <unknown> (http://localhost:63029/__cypress/runner/cypress_runner.js:165577:30)\n    at PassThroughHandlerContext.finallyHandler (http://localhost:63029/__cypress/runner/cypress_runner.js:4042:23)\n    at PassThroughHandlerContext.tryCatcher (http://localhost:63029/__cypress/runner/cypress_runner.js:1777:23)\n    at Promise._settlePromiseFromHandler (http://localhost:63029/__cypress/runner/cypress_runner.js:1489:31)\n    at Promise._settlePromise (http://localhost:63029/__cypress/runner/cypress_runner.js:1546:18)",
                "diff": null
              },
              "uuid": "aa0bc655-2d62-4769-9bd8-40bbaa7e8e71",
              "parentUUID": "25acb9a3-e744-4360-9fc9-a38c2f658557",
              "isHook": false,
              "skipped": false
            }
          ],
          "suites": [],
          "passes": [],
          "failures": [
            "aa0bc655-2d62-4769-9bd8-40bbaa7e8e71"
          ],
          "pending": [],
          "skipped": [],
          "duration": 2063,
          "root": false,
          "rootEmpty": false,
          "_timeout": 2000
        }
      ],
      "passes": [],
      "failures": [],
      "pending": [],
      "skipped": [],
      "duration": 0,
      "root": true,
      "rootEmpty": true,
      "_timeout": 2000
    }
  ],
  "meta": {
    "mocha": {
      "version": "7.2.0"
    },
    "mochawesome": {
      "options": {
        "quiet": false,
        "reportFilename": "mochawesome",
        "saveHtml": false,
        "saveJson": true,
        "consoleReporter": "spec",
        "useInlineDiffs": false,
        "code": true
      },
      "version": "7.1.3"
    },
    "marge": {
      "options": {
        "reportDir": "cypress/reports",
        "overwrite": false,
        "html": false,
        "json": true
      },
      "version": "6.2.0"
    }
  }
}